PrimoSemestre/Corrieri/Corrieri/app/build/intermediates/manifest_merge_blame_file/debug/manifest-merger-blame-debug-report.txt
1<?xml version="1.0" encoding="utf-8"?>
2<manifest xmlns:android="http://schemas.android.com/apk/res/android"
3    package="it.unibas.progetto"
4    android:versionCode="1"
5    android:versionName="1.0" >
6
7    <uses-sdk
8        android:minSdkVersion="19"
8-->src\main\AndroidManifest.xml
9        android:targetSdkVersion="28" />
9-->src\main\AndroidManifest.xml
10
11    <application
11-->src\main\AndroidManifest.xml:5:5-22:19
12        android:name="it.unibas.corrieri.Applicazione"
12-->src\main\AndroidManifest.xml:6:9-55
13        android:allowBackup="true"
13-->src\main\AndroidManifest.xml:7:9-35
14        android:appComponentFactory="androidx.core.app.CoreComponentFactory"
14-->[androidx.core:core:1.0.0] AndroidManifest.xml:22:18-86
15        android:debuggable="true"
16        android:icon="@mipmap/ic_launcher"
16-->src\main\AndroidManifest.xml:8:9-43
17        android:label="@string/app_name"
17-->src\main\AndroidManifest.xml:9:9-41
18        android:testOnly="true"
19        android:theme="@style/AppTheme" >
19-->src\main\AndroidManifest.xml:10:9-40
20        <activity
20-->src\main\AndroidManifest.xml:11:9-18:20
21            android:name="it.unibas.corrieri.activity.ActivityPrincipale"
21-->src\main\AndroidManifest.xml:12:13-74
22            android:label="@string/app_name" >
22-->src\main\AndroidManifest.xml:13:13-45
23            <intent-filter>
23-->src\main\AndroidManifest.xml:14:13-17:29
24                <action android:name="android.intent.action.MAIN" />
24-->src\main\AndroidManifest.xml:15:17-69
24-->src\main\AndroidManifest.xml:15:25-66
25
26                <category android:name="android.intent.category.LAUNCHER" />
26-->src\main\AndroidManifest.xml:16:17-77
26-->src\main\AndroidManifest.xml:16:27-74
27            </intent-filter>
28        </activity>
29        <activity android:name="it.unibas.corrieri.activity.ActivityDettagliCorriere" />
29-->src\main\AndroidManifest.xml:19:9-70
29-->src\main\AndroidManifest.xml:19:19-68
30        <activity android:name="it.unibas.corrieri.activity.ActivityNuovoPacco" />
30-->src\main\AndroidManifest.xml:20:9-64
30-->src\main\AndroidManifest.xml:20:19-62
31    </application>
32
33</manifest>